Determining if the include file malloc/malloc.h exists failed with the following output:
Change Dir: /home/felix/Desktop/NativeSetup/swift-linuxSetup/native_install/build/2pass/llvm-linux-x86_64/CMakeFiles/CMakeTmp

Run Build Command:"/usr/bin/ninja" "cmTC_5f997"
[1/2] Building C object CMakeFiles/cmTC_5f997.dir/CheckIncludeFile.c.o
FAILED: /usr/bin/clang    -fno-stack-protector -o CMakeFiles/cmTC_5f997.dir/CheckIncludeFile.c.o   -c CheckIncludeFile.c
CheckIncludeFile.c:1:10: fatal error: 'malloc/malloc.h' file not found
#include <malloc/malloc.h>
         ^
1 error generated.
ninja: build stopped: subcommand failed.


Determining if the include file ndir.h exists failed with the following output:
Change Dir: /home/felix/Desktop/NativeSetup/swift-linuxSetup/native_install/build/2pass/llvm-linux-x86_64/CMakeFiles/CMakeTmp

Run Build Command:"/usr/bin/ninja" "cmTC_f106b"
[1/2] Building C object CMakeFiles/cmTC_f106b.dir/CheckIncludeFile.c.o
FAILED: /usr/bin/clang    -fno-stack-protector -o CMakeFiles/cmTC_f106b.dir/CheckIncludeFile.c.o   -c CheckIncludeFile.c
CheckIncludeFile.c:1:10: fatal error: 'ndir.h' file not found
#include <ndir.h>
         ^
1 error generated.
ninja: build stopped: subcommand failed.


Determining if the include file sys/ndir.h exists failed with the following output:
Change Dir: /home/felix/Desktop/NativeSetup/swift-linuxSetup/native_install/build/2pass/llvm-linux-x86_64/CMakeFiles/CMakeTmp

Run Build Command:"/usr/bin/ninja" "cmTC_9384c"
[1/2] Building C object CMakeFiles/cmTC_9384c.dir/CheckIncludeFile.c.o
FAILED: /usr/bin/clang    -fno-stack-protector -o CMakeFiles/cmTC_9384c.dir/CheckIncludeFile.c.o   -c CheckIncludeFile.c
CheckIncludeFile.c:1:10: fatal error: 'sys/ndir.h' file not found
#include <sys/ndir.h>
         ^
1 error generated.
ninja: build stopped: subcommand failed.


Determining if the include file valgrind/valgrind.h exists failed with the following output:
Change Dir: /home/felix/Desktop/NativeSetup/swift-linuxSetup/native_install/build/2pass/llvm-linux-x86_64/CMakeFiles/CMakeTmp

Run Build Command:"/usr/bin/ninja" "cmTC_d35ca"
[1/2] Building C object CMakeFiles/cmTC_d35ca.dir/CheckIncludeFile.c.o
FAILED: /usr/bin/clang    -fno-stack-protector -o CMakeFiles/cmTC_d35ca.dir/CheckIncludeFile.c.o   -c CheckIncludeFile.c
CheckIncludeFile.c:1:10: fatal error: 'valgrind/valgrind.h' file not found
#include <valgrind/valgrind.h>
         ^
1 error generated.
ninja: build stopped: subcommand failed.


Determining if the include file zlib.h exists failed with the following output:
Change Dir: /home/felix/Desktop/NativeSetup/swift-linuxSetup/native_install/build/2pass/llvm-linux-x86_64/CMakeFiles/CMakeTmp

Run Build Command:"/usr/bin/ninja" "cmTC_6d3d9"
[1/2] Building C object CMakeFiles/cmTC_6d3d9.dir/CheckIncludeFile.c.o
FAILED: /usr/bin/clang    -fno-stack-protector -o CMakeFiles/cmTC_6d3d9.dir/CheckIncludeFile.c.o   -c CheckIncludeFile.c
CheckIncludeFile.c:1:10: fatal error: 'zlib.h' file not found
#include <zlib.h>
         ^
1 error generated.
ninja: build stopped: subcommand failed.


Determining if the include file mach/mach.h exists failed with the following output:
Change Dir: /home/felix/Desktop/NativeSetup/swift-linuxSetup/native_install/build/2pass/llvm-linux-x86_64/CMakeFiles/CMakeTmp

Run Build Command:"/usr/bin/ninja" "cmTC_606a8"
[1/2] Building C object CMakeFiles/cmTC_606a8.dir/CheckIncludeFile.c.o
FAILED: /usr/bin/clang    -fno-stack-protector -o CMakeFiles/cmTC_606a8.dir/CheckIncludeFile.c.o   -c CheckIncludeFile.c
CheckIncludeFile.c:1:10: fatal error: 'mach/mach.h' file not found
#include <mach/mach.h>
         ^
1 error generated.
ninja: build stopped: subcommand failed.


Determining if the include file mach-o/dyld.h exists failed with the following output:
Change Dir: /home/felix/Desktop/NativeSetup/swift-linuxSetup/native_install/build/2pass/llvm-linux-x86_64/CMakeFiles/CMakeTmp

Run Build Command:"/usr/bin/ninja" "cmTC_309ab"
[1/2] Building C object CMakeFiles/cmTC_309ab.dir/CheckIncludeFile.c.o
FAILED: /usr/bin/clang    -fno-stack-protector -o CMakeFiles/cmTC_309ab.dir/CheckIncludeFile.c.o   -c CheckIncludeFile.c
CheckIncludeFile.c:1:10: fatal error: 'mach-o/dyld.h' file not found
#include <mach-o/dyld.h>
         ^
1 error generated.
ninja: build stopped: subcommand failed.


Determining if the pthread_create exist failed with the following output:
Change Dir: /home/felix/Desktop/NativeSetup/swift-linuxSetup/native_install/build/2pass/llvm-linux-x86_64/CMakeFiles/CMakeTmp

Run Build Command:"/usr/bin/ninja" "cmTC_dc4b0"
[1/2] Building C object CMakeFiles/cmTC_dc4b0.dir/CheckSymbolExists.c.o
[2/2] Linking C executable cmTC_dc4b0
FAILED: : && /usr/bin/clang  -fno-stack-protector  -fuse-ld=gold CMakeFiles/cmTC_dc4b0.dir/CheckSymbolExists.c.o  -o cmTC_dc4b0  -lm && :
CMakeFiles/cmTC_dc4b0.dir/CheckSymbolExists.c.o:CheckSymbolExists.c:function main: error: undefined reference to 'pthread_create'
clang: error: linker command failed with exit code 1 (use -v to see invocation)
ninja: build stopped: subcommand failed.

File /home/felix/Desktop/NativeSetup/swift-linuxSetup/native_install/build/2pass/llvm-linux-x86_64/CMakeFiles/CMakeTmp/CheckSymbolExists.c:
/* */
#include <pthread.h>

int main(int argc, char** argv)
{
  (void)argv;
#ifndef pthread_create
  return ((int*)(&pthread_create))[argc];
#else
  (void)argc;
  return 0;
#endif
}

Determining if the function pthread_create exists in the pthreads failed with the following output:
Change Dir: /home/felix/Desktop/NativeSetup/swift-linuxSetup/native_install/build/2pass/llvm-linux-x86_64/CMakeFiles/CMakeTmp

Run Build Command:"/usr/bin/ninja" "cmTC_ab9ef"
[1/2] Building C object CMakeFiles/cmTC_ab9ef.dir/CheckFunctionExists.c.o
[2/2] Linking C executable cmTC_ab9ef
FAILED: : && /usr/bin/clang  -fno-stack-protector -DCHECK_FUNCTION_EXISTS=pthread_create  -fuse-ld=gold CMakeFiles/cmTC_ab9ef.dir/CheckFunctionExists.c.o  -o cmTC_ab9ef  -lpthreads -lm && :
/usr/bin/ld.gold: error: cannot find -lpthreads
CMakeFiles/cmTC_ab9ef.dir/CheckFunctionExists.c.o:/usr/share/cmake-3.5/Modules/CheckFunctionExists.c:function main: error: undefined reference to 'pthread_create'
clang: error: linker command failed with exit code 1 (use -v to see invocation)
ninja: build stopped: subcommand failed.


Determining if the function compress2 exists in the z failed with the following output:
Change Dir: /home/felix/Desktop/NativeSetup/swift-linuxSetup/native_install/build/2pass/llvm-linux-x86_64/CMakeFiles/CMakeTmp

Run Build Command:"/usr/bin/ninja" "cmTC_05542"
[1/2] Building C object CMakeFiles/cmTC_05542.dir/CheckFunctionExists.c.o
[2/2] Linking C executable cmTC_05542
FAILED: : && /usr/bin/clang  -fno-stack-protector -DCHECK_FUNCTION_EXISTS=compress2  -fuse-ld=gold CMakeFiles/cmTC_05542.dir/CheckFunctionExists.c.o  -o cmTC_05542  -lz -lm && :
/usr/bin/ld.gold: error: cannot find -lz
CMakeFiles/cmTC_05542.dir/CheckFunctionExists.c.o:/usr/share/cmake-3.5/Modules/CheckFunctionExists.c:function main: error: undefined reference to 'compress2'
clang: error: linker command failed with exit code 1 (use -v to see invocation)
ninja: build stopped: subcommand failed.


Determining if the function xar_open exists in the xar failed with the following output:
Change Dir: /home/felix/Desktop/NativeSetup/swift-linuxSetup/native_install/build/2pass/llvm-linux-x86_64/CMakeFiles/CMakeTmp

Run Build Command:"/usr/bin/ninja" "cmTC_dee8a"
[1/2] Building C object CMakeFiles/cmTC_dee8a.dir/CheckFunctionExists.c.o
[2/2] Linking C executable cmTC_dee8a
FAILED: : && /usr/bin/clang  -fno-stack-protector -DCHECK_FUNCTION_EXISTS=xar_open  -fuse-ld=gold CMakeFiles/cmTC_dee8a.dir/CheckFunctionExists.c.o  -o cmTC_dee8a  -lxar -lm && :
/usr/bin/ld.gold: error: cannot find -lxar
CMakeFiles/cmTC_dee8a.dir/CheckFunctionExists.c.o:/usr/share/cmake-3.5/Modules/CheckFunctionExists.c:function main: error: undefined reference to 'xar_open'
clang: error: linker command failed with exit code 1 (use -v to see invocation)
ninja: build stopped: subcommand failed.


Determining if the arc4random exist failed with the following output:
Change Dir: /home/felix/Desktop/NativeSetup/swift-linuxSetup/native_install/build/2pass/llvm-linux-x86_64/CMakeFiles/CMakeTmp

Run Build Command:"/usr/bin/ninja" "cmTC_248a2"
[1/2] Building C object CMakeFiles/cmTC_248a2.dir/CheckSymbolExists.c.o
FAILED: /usr/bin/clang    -fno-stack-protector -o CMakeFiles/cmTC_248a2.dir/CheckSymbolExists.c.o   -c CheckSymbolExists.c
CheckSymbolExists.c:8:19: error: use of undeclared identifier 'arc4random'; did you mean 'srandom'?
  return ((int*)(&arc4random))[argc];
                  ^~~~~~~~~~
                  srandom
/usr/include/stdlib.h:324:13: note: 'srandom' declared here
extern void srandom (unsigned int __seed) __THROW;
            ^
1 error generated.
ninja: build stopped: subcommand failed.

File /home/felix/Desktop/NativeSetup/swift-linuxSetup/native_install/build/2pass/llvm-linux-x86_64/CMakeFiles/CMakeTmp/CheckSymbolExists.c:
/* */
#include <stdlib.h>

int main(int argc, char** argv)
{
  (void)argv;
#ifndef arc4random
  return ((int*)(&arc4random))[argc];
#else
  (void)argc;
  return 0;
#endif
}

Determining if the mallctl exist failed with the following output:
Change Dir: /home/felix/Desktop/NativeSetup/swift-linuxSetup/native_install/build/2pass/llvm-linux-x86_64/CMakeFiles/CMakeTmp

Run Build Command:"/usr/bin/ninja" "cmTC_7c104"
[1/2] Building C object CMakeFiles/cmTC_7c104.dir/CheckSymbolExists.c.o
FAILED: /usr/bin/clang    -fno-stack-protector -o CMakeFiles/cmTC_7c104.dir/CheckSymbolExists.c.o   -c CheckSymbolExists.c
CheckSymbolExists.c:2:10: fatal error: 'malloc_np.h' file not found
#include <malloc_np.h>
         ^
1 error generated.
ninja: build stopped: subcommand failed.

File /home/felix/Desktop/NativeSetup/swift-linuxSetup/native_install/build/2pass/llvm-linux-x86_64/CMakeFiles/CMakeTmp/CheckSymbolExists.c:
/* */
#include <malloc_np.h>

int main(int argc, char** argv)
{
  (void)argv;
#ifndef mallctl
  return ((int*)(&mallctl))[argc];
#else
  (void)argc;
  return 0;
#endif
}

Determining if the malloc_zone_statistics exist failed with the following output:
Change Dir: /home/felix/Desktop/NativeSetup/swift-linuxSetup/native_install/build/2pass/llvm-linux-x86_64/CMakeFiles/CMakeTmp

Run Build Command:"/usr/bin/ninja" "cmTC_d494a"
[1/2] Building C object CMakeFiles/cmTC_d494a.dir/CheckSymbolExists.c.o
FAILED: /usr/bin/clang    -fno-stack-protector -o CMakeFiles/cmTC_d494a.dir/CheckSymbolExists.c.o   -c CheckSymbolExists.c
CheckSymbolExists.c:2:10: fatal error: 'malloc/malloc.h' file not found
#include <malloc/malloc.h>
         ^
1 error generated.
ninja: build stopped: subcommand failed.

File /home/felix/Desktop/NativeSetup/swift-linuxSetup/native_install/build/2pass/llvm-linux-x86_64/CMakeFiles/CMakeTmp/CheckSymbolExists.c:
/* */
#include <malloc/malloc.h>

int main(int argc, char** argv)
{
  (void)argv;
#ifndef malloc_zone_statistics
  return ((int*)(&malloc_zone_statistics))[argc];
#else
  (void)argc;
  return 0;
#endif
}

Determining if the strerror_s exist failed with the following output:
Change Dir: /home/felix/Desktop/NativeSetup/swift-linuxSetup/native_install/build/2pass/llvm-linux-x86_64/CMakeFiles/CMakeTmp

Run Build Command:"/usr/bin/ninja" "cmTC_43929"
[1/2] Building C object CMakeFiles/cmTC_43929.dir/CheckSymbolExists.c.o
FAILED: /usr/bin/clang    -fno-stack-protector -o CMakeFiles/cmTC_43929.dir/CheckSymbolExists.c.o   -c CheckSymbolExists.c
CheckSymbolExists.c:8:19: error: use of undeclared identifier 'strerror_s'
  return ((int*)(&strerror_s))[argc];
                  ^
1 error generated.
ninja: build stopped: subcommand failed.

File /home/felix/Desktop/NativeSetup/swift-linuxSetup/native_install/build/2pass/llvm-linux-x86_64/CMakeFiles/CMakeTmp/CheckSymbolExists.c:
/* */
#include <string.h>

int main(int argc, char** argv)
{
  (void)argv;
#ifndef strerror_s
  return ((int*)(&strerror_s))[argc];
#else
  (void)argc;
  return 0;
#endif
}

